05:40:47.645 INFO  c.z.e.c.c.e.AppMqttConfig - [connectionLost,72] - APP服务端断开重连中...
08:15:06.640 INFO  c.z.e.c.c.e.AppMqttConfig - [connectionLost,75] - APP服务端重连失败,一分钟后再次尝试
09:14:19.763 INFO  c.z.e.c.c.e.AppMqttConfig - [connectionLost,72] - APP服务端断开重连中...
09:15:19.725 INFO  c.z.e.c.c.e.AppMqttConfig - [connectionLost,75] - APP服务端重连失败,一分钟后再次尝试
09:16:19.727 INFO  c.z.e.c.c.e.AppMqttConfig - [connectionLost,72] - APP服务端断开重连中...
09:17:19.741 INFO  c.z.e.c.c.e.AppMqttConfig - [connectionLost,75] - APP服务端重连失败,一分钟后再次尝试
09:18:19.745 INFO  c.z.e.c.c.e.AppMqttConfig - [connectionLost,72] - APP服务端断开重连中...
09:19:19.754 INFO  c.z.e.c.c.e.AppMqttConfig - [connectionLost,75] - APP服务端重连失败,一分钟后再次尝试
09:20:19.759 INFO  c.z.e.c.c.e.AppMqttConfig - [connectionLost,72] - APP服务端断开重连中...
09:21:19.771 INFO  c.z.e.c.c.e.AppMqttConfig - [connectionLost,75] - APP服务端重连失败,一分钟后再次尝试
09:22:19.772 INFO  c.z.e.c.c.e.AppMqttConfig - [connectionLost,72] - APP服务端断开重连中...
09:23:19.786 INFO  c.z.e.c.c.e.AppMqttConfig - [connectionLost,75] - APP服务端重连失败,一分钟后再次尝试
09:24:19.787 INFO  c.z.e.c.c.e.AppMqttConfig - [connectionLost,72] - APP服务端断开重连中...
09:25:19.803 INFO  c.z.e.c.c.e.AppMqttConfig - [connectionLost,75] - APP服务端重连失败,一分钟后再次尝试
09:26:19.807 INFO  c.z.e.c.c.e.AppMqttConfig - [connectionLost,72] - APP服务端断开重连中...
09:27:19.815 INFO  c.z.e.c.c.e.AppMqttConfig - [connectionLost,75] - APP服务端重连失败,一分钟后再次尝试
09:28:19.823 INFO  c.z.e.c.c.e.AppMqttConfig - [connectionLost,72] - APP服务端断开重连中...
09:29:19.818 INFO  c.z.e.c.c.e.AppMqttConfig - [connectionLost,75] - APP服务端重连失败,一分钟后再次尝试
09:30:19.813 INFO  c.z.e.c.c.e.AppMqttConfig - [connectionLost,72] - APP服务端断开重连中...
09:31:19.822 INFO  c.z.e.c.c.e.AppMqttConfig - [connectionLost,75] - APP服务端重连失败,一分钟后再次尝试
09:32:19.825 INFO  c.z.e.c.c.e.AppMqttConfig - [connectionLost,72] - APP服务端断开重连中...
09:33:19.833 INFO  c.z.e.c.c.e.AppMqttConfig - [connectionLost,75] - APP服务端重连失败,一分钟后再次尝试
09:34:19.837 INFO  c.z.e.c.c.e.AppMqttConfig - [connectionLost,72] - APP服务端断开重连中...
09:35:19.845 INFO  c.z.e.c.c.e.AppMqttConfig - [connectionLost,75] - APP服务端重连失败,一分钟后再次尝试
09:36:19.847 INFO  c.z.e.c.c.e.AppMqttConfig - [connectionLost,72] - APP服务端断开重连中...
09:37:19.858 INFO  c.z.e.c.c.e.AppMqttConfig - [connectionLost,75] - APP服务端重连失败,一分钟后再次尝试
09:38:19.862 INFO  c.z.e.c.c.e.AppMqttConfig - [connectionLost,72] - APP服务端断开重连中...
09:39:19.874 INFO  c.z.e.c.c.e.AppMqttConfig - [connectionLost,75] - APP服务端重连失败,一分钟后再次尝试
09:40:19.876 INFO  c.z.e.c.c.e.AppMqttConfig - [connectionLost,72] - APP服务端断开重连中...
09:41:19.886 INFO  c.z.e.c.c.e.AppMqttConfig - [connectionLost,75] - APP服务端重连失败,一分钟后再次尝试
09:42:19.890 INFO  c.z.e.c.c.e.AppMqttConfig - [connectionLost,72] - APP服务端断开重连中...
09:43:19.901 INFO  c.z.e.c.c.e.AppMqttConfig - [connectionLost,75] - APP服务端重连失败,一分钟后再次尝试
09:44:19.904 INFO  c.z.e.c.c.e.AppMqttConfig - [connectionLost,72] - APP服务端断开重连中...
09:45:19.919 INFO  c.z.e.c.c.e.AppMqttConfig - [connectionLost,75] - APP服务端重连失败,一分钟后再次尝试
09:46:19.920 INFO  c.z.e.c.c.e.AppMqttConfig - [connectionLost,72] - APP服务端断开重连中...
09:47:19.930 INFO  c.z.e.c.c.e.AppMqttConfig - [connectionLost,75] - APP服务端重连失败,一分钟后再次尝试
09:48:19.932 INFO  c.z.e.c.c.e.AppMqttConfig - [connectionLost,72] - APP服务端断开重连中...
09:49:19.945 INFO  c.z.e.c.c.e.AppMqttConfig - [connectionLost,75] - APP服务端重连失败,一分钟后再次尝试
09:50:19.945 INFO  c.z.e.c.c.e.AppMqttConfig - [connectionLost,72] - APP服务端断开重连中...
09:51:19.963 INFO  c.z.e.c.c.e.AppMqttConfig - [connectionLost,75] - APP服务端重连失败,一分钟后再次尝试
09:52:19.970 INFO  c.z.e.c.c.e.AppMqttConfig - [connectionLost,72] - APP服务端断开重连中...
09:53:19.991 INFO  c.z.e.c.c.e.AppMqttConfig - [connectionLost,75] - APP服务端重连失败,一分钟后再次尝试
09:54:19.981 INFO  c.z.e.c.c.e.AppMqttConfig - [connectionLost,72] - APP服务端断开重连中...
09:55:20.000 INFO  c.z.e.c.c.e.AppMqttConfig - [connectionLost,75] - APP服务端重连失败,一分钟后再次尝试
09:56:20.008 INFO  c.z.e.c.c.e.AppMqttConfig - [connectionLost,72] - APP服务端断开重连中...
09:57:20.027 INFO  c.z.e.c.c.e.AppMqttConfig - [connectionLost,75] - APP服务端重连失败,一分钟后再次尝试
09:58:20.034 INFO  c.z.e.c.c.e.AppMqttConfig - [connectionLost,72] - APP服务端断开重连中...
09:59:20.046 INFO  c.z.e.c.c.e.AppMqttConfig - [connectionLost,75] - APP服务端重连失败,一分钟后再次尝试
10:00:20.050 INFO  c.z.e.c.c.e.AppMqttConfig - [connectionLost,72] - APP服务端断开重连中...
10:01:20.063 INFO  c.z.e.c.c.e.AppMqttConfig - [connectionLost,75] - APP服务端重连失败,一分钟后再次尝试
10:02:20.069 INFO  c.z.e.c.c.e.AppMqttConfig - [connectionLost,72] - APP服务端断开重连中...
10:03:20.078 INFO  c.z.e.c.c.e.AppMqttConfig - [connectionLost,75] - APP服务端重连失败,一分钟后再次尝试
10:04:20.081 INFO  c.z.e.c.c.e.AppMqttConfig - [connectionLost,72] - APP服务端断开重连中...
10:05:20.094 INFO  c.z.e.c.c.e.AppMqttConfig - [connectionLost,75] - APP服务端重连失败,一分钟后再次尝试
10:06:20.097 INFO  c.z.e.c.c.e.AppMqttConfig - [connectionLost,72] - APP服务端断开重连中...
10:07:20.110 INFO  c.z.e.c.c.e.AppMqttConfig - [connectionLost,75] - APP服务端重连失败,一分钟后再次尝试
10:08:20.115 INFO  c.z.e.c.c.e.AppMqttConfig - [connectionLost,72] - APP服务端断开重连中...
10:09:20.125 INFO  c.z.e.c.c.e.AppMqttConfig - [connectionLost,75] - APP服务端重连失败,一分钟后再次尝试
10:10:20.128 INFO  c.z.e.c.c.e.AppMqttConfig - [connectionLost,72] - APP服务端断开重连中...
10:11:20.141 INFO  c.z.e.c.c.e.AppMqttConfig - [connectionLost,75] - APP服务端重连失败,一分钟后再次尝试
10:12:20.142 INFO  c.z.e.c.c.e.AppMqttConfig - [connectionLost,72] - APP服务端断开重连中...
10:13:20.152 INFO  c.z.e.c.c.e.AppMqttConfig - [connectionLost,75] - APP服务端重连失败,一分钟后再次尝试
10:14:20.154 INFO  c.z.e.c.c.e.AppMqttConfig - [connectionLost,72] - APP服务端断开重连中...
10:15:20.166 INFO  c.z.e.c.c.e.AppMqttConfig - [connectionLost,75] - APP服务端重连失败,一分钟后再次尝试
10:16:20.168 INFO  c.z.e.c.c.e.AppMqttConfig - [connectionLost,72] - APP服务端断开重连中...
10:17:20.178 INFO  c.z.e.c.c.e.AppMqttConfig - [connectionLost,75] - APP服务端重连失败,一分钟后再次尝试
10:18:20.181 INFO  c.z.e.c.c.e.AppMqttConfig - [connectionLost,72] - APP服务端断开重连中...
10:19:20.187 INFO  c.z.e.c.c.e.AppMqttConfig - [connectionLost,75] - APP服务端重连失败,一分钟后再次尝试
10:20:20.189 INFO  c.z.e.c.c.e.AppMqttConfig - [connectionLost,72] - APP服务端断开重连中...
10:21:20.182 INFO  c.z.e.c.c.e.AppMqttConfig - [connectionLost,75] - APP服务端重连失败,一分钟后再次尝试
10:22:20.186 INFO  c.z.e.c.c.e.AppMqttConfig - [connectionLost,72] - APP服务端断开重连中...
10:23:20.195 INFO  c.z.e.c.c.e.AppMqttConfig - [connectionLost,75] - APP服务端重连失败,一分钟后再次尝试
10:24:20.198 INFO  c.z.e.c.c.e.AppMqttConfig - [connectionLost,72] - APP服务端断开重连中...
10:25:20.209 INFO  c.z.e.c.c.e.AppMqttConfig - [connectionLost,75] - APP服务端重连失败,一分钟后再次尝试
10:26:20.211 INFO  c.z.e.c.c.e.AppMqttConfig - [connectionLost,72] - APP服务端断开重连中...
10:27:20.219 INFO  c.z.e.c.c.e.AppMqttConfig - [connectionLost,75] - APP服务端重连失败,一分钟后再次尝试
10:28:20.222 INFO  c.z.e.c.c.e.AppMqttConfig - [connectionLost,72] - APP服务端断开重连中...
10:29:20.234 INFO  c.z.e.c.c.e.AppMqttConfig - [connectionLost,75] - APP服务端重连失败,一分钟后再次尝试
10:30:20.239 INFO  c.z.e.c.c.e.AppMqttConfig - [connectionLost,72] - APP服务端断开重连中...
10:31:20.254 INFO  c.z.e.c.c.e.AppMqttConfig - [connectionLost,75] - APP服务端重连失败,一分钟后再次尝试
10:32:20.256 INFO  c.z.e.c.c.e.AppMqttConfig - [connectionLost,72] - APP服务端断开重连中...
10:33:20.266 INFO  c.z.e.c.c.e.AppMqttConfig - [connectionLost,75] - APP服务端重连失败,一分钟后再次尝试
10:34:20.266 INFO  c.z.e.c.c.e.AppMqttConfig - [connectionLost,72] - APP服务端断开重连中...
10:35:20.274 INFO  c.z.e.c.c.e.AppMqttConfig - [connectionLost,75] - APP服务端重连失败,一分钟后再次尝试
10:36:20.277 INFO  c.z.e.c.c.e.AppMqttConfig - [connectionLost,72] - APP服务端断开重连中...
10:37:20.289 INFO  c.z.e.c.c.e.AppMqttConfig - [connectionLost,75] - APP服务端重连失败,一分钟后再次尝试
10:38:20.291 INFO  c.z.e.c.c.e.AppMqttConfig - [connectionLost,72] - APP服务端断开重连中...
10:39:20.303 INFO  c.z.e.c.c.e.AppMqttConfig - [connectionLost,75] - APP服务端重连失败,一分钟后再次尝试
10:40:20.306 INFO  c.z.e.c.c.e.AppMqttConfig - [connectionLost,72] - APP服务端断开重连中...
10:41:20.311 INFO  c.z.e.c.c.e.AppMqttConfig - [connectionLost,75] - APP服务端重连失败,一分钟后再次尝试
10:42:20.315 INFO  c.z.e.c.c.e.AppMqttConfig - [connectionLost,72] - APP服务端断开重连中...
10:43:20.326 INFO  c.z.e.c.c.e.AppMqttConfig - [connectionLost,75] - APP服务端重连失败,一分钟后再次尝试
10:44:20.331 INFO  c.z.e.c.c.e.AppMqttConfig - [connectionLost,72] - APP服务端断开重连中...
10:45:20.341 INFO  c.z.e.c.c.e.AppMqttConfig - [connectionLost,75] - APP服务端重连失败,一分钟后再次尝试
10:46:20.346 INFO  c.z.e.c.c.e.AppMqttConfig - [connectionLost,72] - APP服务端断开重连中...
10:47:20.357 INFO  c.z.e.c.c.e.AppMqttConfig - [connectionLost,75] - APP服务端重连失败,一分钟后再次尝试
10:48:20.335 INFO  c.z.e.c.c.e.AppMqttConfig - [connectionLost,72] - APP服务端断开重连中...
10:49:20.344 INFO  c.z.e.c.c.e.AppMqttConfig - [connectionLost,75] - APP服务端重连失败,一分钟后再次尝试
10:50:20.346 INFO  c.z.e.c.c.e.AppMqttConfig - [connectionLost,72] - APP服务端断开重连中...
10:51:20.354 INFO  c.z.e.c.c.e.AppMqttConfig - [connectionLost,75] - APP服务端重连失败,一分钟后再次尝试
10:52:20.358 INFO  c.z.e.c.c.e.AppMqttConfig - [connectionLost,72] - APP服务端断开重连中...
10:53:20.370 INFO  c.z.e.c.c.e.AppMqttConfig - [connectionLost,75] - APP服务端重连失败,一分钟后再次尝试
10:54:20.374 INFO  c.z.e.c.c.e.AppMqttConfig - [connectionLost,72] - APP服务端断开重连中...
10:55:20.381 INFO  c.z.e.c.c.e.AppMqttConfig - [connectionLost,75] - APP服务端重连失败,一分钟后再次尝试
10:56:20.383 INFO  c.z.e.c.c.e.AppMqttConfig - [connectionLost,72] - APP服务端断开重连中...
10:57:20.397 INFO  c.z.e.c.c.e.AppMqttConfig - [connectionLost,75] - APP服务端重连失败,一分钟后再次尝试
10:58:20.401 INFO  c.z.e.c.c.e.AppMqttConfig - [connectionLost,72] - APP服务端断开重连中...
10:59:20.415 INFO  c.z.e.c.c.e.AppMqttConfig - [connectionLost,75] - APP服务端重连失败,一分钟后再次尝试
11:00:20.419 INFO  c.z.e.c.c.e.AppMqttConfig - [connectionLost,72] - APP服务端断开重连中...
11:01:20.433 INFO  c.z.e.c.c.e.AppMqttConfig - [connectionLost,75] - APP服务端重连失败,一分钟后再次尝试
11:02:20.437 INFO  c.z.e.c.c.e.AppMqttConfig - [connectionLost,72] - APP服务端断开重连中...
11:03:20.444 INFO  c.z.e.c.c.e.AppMqttConfig - [connectionLost,75] - APP服务端重连失败,一分钟后再次尝试
11:04:20.447 INFO  c.z.e.c.c.e.AppMqttConfig - [connectionLost,72] - APP服务端断开重连中...
11:05:20.457 INFO  c.z.e.c.c.e.AppMqttConfig - [connectionLost,75] - APP服务端重连失败,一分钟后再次尝试
11:06:20.457 INFO  c.z.e.c.c.e.AppMqttConfig - [connectionLost,72] - APP服务端断开重连中...
11:07:20.466 INFO  c.z.e.c.c.e.AppMqttConfig - [connectionLost,75] - APP服务端重连失败,一分钟后再次尝试
11:08:20.468 INFO  c.z.e.c.c.e.AppMqttConfig - [connectionLost,72] - APP服务端断开重连中...
11:09:20.477 INFO  c.z.e.c.c.e.AppMqttConfig - [connectionLost,75] - APP服务端重连失败,一分钟后再次尝试
11:10:20.479 INFO  c.z.e.c.c.e.AppMqttConfig - [connectionLost,72] - APP服务端断开重连中...
11:11:20.487 INFO  c.z.e.c.c.e.AppMqttConfig - [connectionLost,75] - APP服务端重连失败,一分钟后再次尝试
11:12:20.491 INFO  c.z.e.c.c.e.AppMqttConfig - [connectionLost,72] - APP服务端断开重连中...
11:13:20.499 INFO  c.z.e.c.c.e.AppMqttConfig - [connectionLost,75] - APP服务端重连失败,一分钟后再次尝试
11:14:20.503 INFO  c.z.e.c.c.e.AppMqttConfig - [connectionLost,72] - APP服务端断开重连中...
11:15:20.514 INFO  c.z.e.c.c.e.AppMqttConfig - [connectionLost,75] - APP服务端重连失败,一分钟后再次尝试
11:16:20.492 INFO  c.z.e.c.c.e.AppMqttConfig - [connectionLost,72] - APP服务端断开重连中...
11:17:20.509 INFO  c.z.e.c.c.e.AppMqttConfig - [connectionLost,75] - APP服务端重连失败,一分钟后再次尝试
11:18:20.513 INFO  c.z.e.c.c.e.AppMqttConfig - [connectionLost,72] - APP服务端断开重连中...
11:19:20.523 INFO  c.z.e.c.c.e.AppMqttConfig - [connectionLost,75] - APP服务端重连失败,一分钟后再次尝试
11:20:20.524 INFO  c.z.e.c.c.e.AppMqttConfig - [connectionLost,72] - APP服务端断开重连中...
11:21:20.538 INFO  c.z.e.c.c.e.AppMqttConfig - [connectionLost,75] - APP服务端重连失败,一分钟后再次尝试
11:21:38.274 INFO  o.h.v.i.util.Version - [<clinit>,21] - HV000001: Hibernate Validator 6.1.6.Final
11:21:38.287 INFO  c.z.e.ZhtApplication - [logStarting,55] - Starting ZhtApplication using Java 1.8.0_261 on AllchickendeMacBook-Pro.local with PID 93355 (/Users/allchicken/IdeaProjects/emqdemo/target/classes started by allchicken in /Users/allchicken/IdeaProjects/emqdemo)
11:21:38.287 INFO  c.z.e.ZhtApplication - [logStartupProfileInfo,660] - No active profile set, falling back to default profiles: default
11:21:39.663 INFO  o.a.c.h.Http11NioProtocol - [log,173] - Initializing ProtocolHandler ["http-nio-8080"]
11:21:39.664 INFO  o.a.c.c.StandardService - [log,173] - Starting service [Tomcat]
11:21:39.665 INFO  o.a.c.c.StandardEngine - [log,173] - Starting Servlet engine: [Apache Tomcat/9.0.41]
11:21:39.731 INFO  o.a.c.c.C.[.[.[/] - [log,173] - Initializing Spring embedded WebApplicationContext
11:22:20.543 INFO  c.z.e.c.c.e.AppMqttConfig - [connectionLost,72] - APP服务端断开重连中...
11:22:20.548 INFO  c.z.e.c.c.e.AppMqttConfig - [connectionLost,75] - APP服务端重连失败,一分钟后再次尝试
11:22:40.044 WARN  o.s.b.w.s.c.AnnotationConfigServletWebServerApplicationContext - [refresh,596] - Exception encountered during context initialization - cancelling refresh attempt: org.springframework.beans.factory.BeanCreationException: Error creating bean with name 'deviceEventProxy': Injection of resource dependencies failed; nested exception is org.springframework.beans.factory.BeanCreationException: Error creating bean with name 'uploadCabinetEvent': Injection of resource dependencies failed; nested exception is org.springframework.beans.factory.BeanCreationException: Error creating bean with name 'eventRespPublisher': Injection of resource dependencies failed; nested exception is org.springframework.beans.factory.UnsatisfiedDependencyException: Error creating bean with name 'deviceMqttClient' defined in class path resource [com/zht/emqdemo/common/config/emq/DeviceMqttConfig.class]: Unsatisfied dependency expressed through method 'mqttConnClient' parameter 0; nested exception is org.springframework.beans.factory.BeanCreationException: Error creating bean with name 'connectedReceiver': Injection of resource dependencies failed; nested exception is org.springframework.beans.factory.UnsatisfiedDependencyException: Error creating bean with name 'connectedListener': Unsatisfied dependency expressed through field 'changePushService'; nested exception is org.springframework.beans.factory.BeanCreationException: Error creating bean with name 'changePushService': Injection of resource dependencies failed; nested exception is org.springframework.beans.factory.BeanCreationException: Error creating bean with name 'appMqttClient' defined in class path resource [com/zht/emqdemo/common/config/emq/AppMqttConfig.class]: Bean instantiation via factory method failed; nested exception is org.springframework.beans.BeanInstantiationException: Failed to instantiate [org.eclipse.paho.client.mqttv3.MqttClient]: Factory method 'mqttConnClient' threw exception; nested exception is MqttException (0) - java.net.SocketTimeoutException: connect timed out
11:22:40.052 INFO  o.a.c.c.StandardService - [log,173] - Stopping service [Tomcat]
11:22:40.118 ERROR o.s.b.SpringApplication - [reportFailure,856] - Application run failed
org.springframework.beans.factory.BeanCreationException: Error creating bean with name 'deviceEventProxy': Injection of resource dependencies failed; nested exception is org.springframework.beans.factory.BeanCreationException: Error creating bean with name 'uploadCabinetEvent': Injection of resource dependencies failed; nested exception is org.springframework.beans.factory.BeanCreationException: Error creating bean with name 'eventRespPublisher': Injection of resource dependencies failed; nested exception is org.springframework.beans.factory.UnsatisfiedDependencyException: Error creating bean with name 'deviceMqttClient' defined in class path resource [com/zht/emqdemo/common/config/emq/DeviceMqttConfig.class]: Unsatisfied dependency expressed through method 'mqttConnClient' parameter 0; nested exception is org.springframework.beans.factory.BeanCreationException: Error creating bean with name 'connectedReceiver': Injection of resource dependencies failed; nested exception is org.springframework.beans.factory.UnsatisfiedDependencyException: Error creating bean with name 'connectedListener': Unsatisfied dependency expressed through field 'changePushService'; nested exception is org.springframework.beans.factory.BeanCreationException: Error creating bean with name 'changePushService': Injection of resource dependencies failed; nested exception is org.springframework.beans.factory.BeanCreationException: Error creating bean with name 'appMqttClient' defined in class path resource [com/zht/emqdemo/common/config/emq/AppMqttConfig.class]: Bean instantiation via factory method failed; nested exception is org.springframework.beans.BeanInstantiationException: Failed to instantiate [org.eclipse.paho.client.mqttv3.MqttClient]: Factory method 'mqttConnClient' threw exception; nested exception is MqttException (0) - java.net.SocketTimeoutException: connect timed out
	at org.springframework.context.annotation.CommonAnnotationBeanPostProcessor.postProcessProperties(CommonAnnotationBeanPostProcessor.java:321)
	at org.springframework.beans.factory.support.AbstractAutowireCapableBeanFactory.populateBean(AbstractAutowireCapableBeanFactory.java:1415)
	at org.springframework.beans.factory.support.AbstractAutowireCapableBeanFactory.doCreateBean(AbstractAutowireCapableBeanFactory.java:608)
	at org.springframework.beans.factory.support.AbstractAutowireCapableBeanFactory.createBean(AbstractAutowireCapableBeanFactory.java:531)
	at org.springframework.beans.factory.support.AbstractBeanFactory.lambda$doGetBean$0(AbstractBeanFactory.java:335)
	at org.springframework.beans.factory.support.DefaultSingletonBeanRegistry.getSingleton(DefaultSingletonBeanRegistry.java:234)
	at org.springframework.beans.factory.support.AbstractBeanFactory.doGetBean(AbstractBeanFactory.java:333)
	at org.springframework.beans.factory.support.AbstractBeanFactory.getBean(AbstractBeanFactory.java:208)
	at org.springframework.beans.factory.support.DefaultListableBeanFactory.preInstantiateSingletons(DefaultListableBeanFactory.java:944)
	at org.springframework.context.support.AbstractApplicationContext.finishBeanFactoryInitialization(AbstractApplicationContext.java:923)
	at org.springframework.context.support.AbstractApplicationContext.refresh(AbstractApplicationContext.java:588)
	at org.springframework.boot.web.servlet.context.ServletWebServerApplicationContext.refresh(ServletWebServerApplicationContext.java:144)
	at org.springframework.boot.SpringApplication.refresh(SpringApplication.java:767)
	at org.springframework.boot.SpringApplication.refresh(SpringApplication.java:759)
	at org.springframework.boot.SpringApplication.refreshContext(SpringApplication.java:426)
	at org.springframework.boot.SpringApplication.run(SpringApplication.java:326)
	at org.springframework.boot.SpringApplication.run(SpringApplication.java:1309)
	at org.springframework.boot.SpringApplication.run(SpringApplication.java:1298)
	at com.zht.emqdemo.ZhtApplication.main(ZhtApplication.java:10)
Caused by: org.springframework.beans.factory.BeanCreationException: Error creating bean with name 'uploadCabinetEvent': Injection of resource dependencies failed; nested exception is org.springframework.beans.factory.BeanCreationException: Error creating bean with name 'eventRespPublisher': Injection of resource dependencies failed; nested exception is org.springframework.beans.factory.UnsatisfiedDependencyException: Error creating bean with name 'deviceMqttClient' defined in class path resource [com/zht/emqdemo/common/config/emq/DeviceMqttConfig.class]: Unsatisfied dependency expressed through method 'mqttConnClient' parameter 0; nested exception is org.springframework.beans.factory.BeanCreationException: Error creating bean with name 'connectedReceiver': Injection of resource dependencies failed; nested exception is org.springframework.beans.factory.UnsatisfiedDependencyException: Error creating bean with name 'connectedListener': Unsatisfied dependency expressed through field 'changePushService'; nested exception is org.springframework.beans.factory.BeanCreationException: Error creating bean with name 'changePushService': Injection of resource dependencies failed; nested exception is org.springframework.beans.factory.BeanCreationException: Error creating bean with name 'appMqttClient' defined in class path resource [com/zht/emqdemo/common/config/emq/AppMqttConfig.class]: Bean instantiation via factory method failed; nested exception is org.springframework.beans.BeanInstantiationException: Failed to instantiate [org.eclipse.paho.client.mqttv3.MqttClient]: Factory method 'mqttConnClient' threw exception; nested exception is MqttException (0) - java.net.SocketTimeoutException: connect timed out
	at org.springframework.context.annotation.CommonAnnotationBeanPostProcessor.postProcessProperties(CommonAnnotationBeanPostProcessor.java:321)
	at org.springframework.beans.factory.support.AbstractAutowireCapableBeanFactory.populateBean(AbstractAutowireCapableBeanFactory.java:1415)
	at org.springframework.beans.factory.support.AbstractAutowireCapableBeanFactory.doCreateBean(AbstractAutowireCapableBeanFactory.java:608)
	at org.springframework.beans.factory.support.AbstractAutowireCapableBeanFactory.createBean(AbstractAutowireCapableBeanFactory.java:531)
	at org.springframework.beans.factory.support.AbstractBeanFactory.lambda$doGetBean$0(AbstractBeanFactory.java:335)
	at org.springframework.beans.factory.support.DefaultSingletonBeanRegistry.getSingleton(DefaultSingletonBeanRegistry.java:234)
	at org.springframework.beans.factory.support.AbstractBeanFactory.doGetBean(AbstractBeanFactory.java:333)
	at org.springframework.beans.factory.support.AbstractBeanFactory.getBean(AbstractBeanFactory.java:208)
	at org.springframework.beans.factory.config.DependencyDescriptor.resolveCandidate(DependencyDescriptor.java:276)
	at org.springframework.beans.factory.support.DefaultListableBeanFactory.addCandidateEntry(DefaultListableBeanFactory.java:1585)
	at org.springframework.beans.factory.support.DefaultListableBeanFactory.findAutowireCandidates(DefaultListableBeanFactory.java:1549)
	at org.springframework.beans.factory.support.DefaultListableBeanFactory.resolveMultipleBeans(DefaultListableBeanFactory.java:1438)
	at org.springframework.beans.factory.support.DefaultListableBeanFactory.doResolveDependency(DefaultListableBeanFactory.java:1325)
	at org.springframework.beans.factory.support.DefaultListableBeanFactory.resolveDependency(DefaultListableBeanFactory.java:1287)
	at org.springframework.context.annotation.CommonAnnotationBeanPostProcessor.autowireResource(CommonAnnotationBeanPostProcessor.java:521)
	at org.springframework.context.annotation.CommonAnnotationBeanPostProcessor.getResource(CommonAnnotationBeanPostProcessor.java:497)
	at org.springframework.context.annotation.CommonAnnotationBeanPostProcessor$ResourceElement.getResourceToInject(CommonAnnotationBeanPostProcessor.java:650)
	at org.springframework.beans.factory.annotation.InjectionMetadata$InjectedElement.inject(InjectionMetadata.java:228)
	at org.springframework.beans.factory.annotation.InjectionMetadata.inject(InjectionMetadata.java:119)
	at org.springframework.context.annotation.CommonAnnotationBeanPostProcessor.postProcessProperties(CommonAnnotationBeanPostProcessor.java:318)
	... 18 common frames omitted
Caused by: org.springframework.beans.factory.BeanCreationException: Error creating bean with name 'eventRespPublisher': Injection of resource dependencies failed; nested exception is org.springframework.beans.factory.UnsatisfiedDependencyException: Error creating bean with name 'deviceMqttClient' defined in class path resource [com/zht/emqdemo/common/config/emq/DeviceMqttConfig.class]: Unsatisfied dependency expressed through method 'mqttConnClient' parameter 0; nested exception is org.springframework.beans.factory.BeanCreationException: Error creating bean with name 'connectedReceiver': Injection of resource dependencies failed; nested exception is org.springframework.beans.factory.UnsatisfiedDependencyException: Error creating bean with name 'connectedListener': Unsatisfied dependency expressed through field 'changePushService'; nested exception is org.springframework.beans.factory.BeanCreationException: Error creating bean with name 'changePushService': Injection of resource dependencies failed; nested exception is org.springframework.beans.factory.BeanCreationException: Error creating bean with name 'appMqttClient' defined in class path resource [com/zht/emqdemo/common/config/emq/AppMqttConfig.class]: Bean instantiation via factory method failed; nested exception is org.springframework.beans.BeanInstantiationException: Failed to instantiate [org.eclipse.paho.client.mqttv3.MqttClient]: Factory method 'mqttConnClient' threw exception; nested exception is MqttException (0) - java.net.SocketTimeoutException: connect timed out
	at org.springframework.context.annotation.CommonAnnotationBeanPostProcessor.postProcessProperties(CommonAnnotationBeanPostProcessor.java:321)
	at org.springframework.beans.factory.support.AbstractAutowireCapableBeanFactory.populateBean(AbstractAutowireCapableBeanFactory.java:1415)
	at org.springframework.beans.factory.support.AbstractAutowireCapableBeanFactory.doCreateBean(AbstractAutowireCapableBeanFactory.java:608)
	at org.springframework.beans.factory.support.AbstractAutowireCapableBeanFactory.createBean(AbstractAutowireCapableBeanFactory.java:531)
	at org.springframework.beans.factory.support.AbstractBeanFactory.lambda$doGetBean$0(AbstractBeanFactory.java:335)
	at org.springframework.beans.factory.support.DefaultSingletonBeanRegistry.getSingleton(DefaultSingletonBeanRegistry.java:234)
	at org.springframework.beans.factory.support.AbstractBeanFactory.doGetBean(AbstractBeanFactory.java:333)
	at org.springframework.beans.factory.support.AbstractBeanFactory.getBean(AbstractBeanFactory.java:213)
	at org.springframework.beans.factory.support.AbstractAutowireCapableBeanFactory.resolveBeanByName(AbstractAutowireCapableBeanFactory.java:468)
	at org.springframework.context.annotation.CommonAnnotationBeanPostProcessor.autowireResource(CommonAnnotationBeanPostProcessor.java:527)
	at org.springframework.context.annotation.CommonAnnotationBeanPostProcessor.getResource(CommonAnnotationBeanPostProcessor.java:497)
	at org.springframework.context.annotation.CommonAnnotationBeanPostProcessor$ResourceElement.getResourceToInject(CommonAnnotationBeanPostProcessor.java:650)
	at org.springframework.beans.factory.annotation.InjectionMetadata$InjectedElement.inject(InjectionMetadata.java:228)
	at org.springframework.beans.factory.annotation.InjectionMetadata.inject(InjectionMetadata.java:119)
	at org.springframework.context.annotation.CommonAnnotationBeanPostProcessor.postProcessProperties(CommonAnnotationBeanPostProcessor.java:318)
	... 37 common frames omitted
Caused by: org.springframework.beans.factory.UnsatisfiedDependencyException: Error creating bean with name 'deviceMqttClient' defined in class path resource [com/zht/emqdemo/common/config/emq/DeviceMqttConfig.class]: Unsatisfied dependency expressed through method 'mqttConnClient' parameter 0; nested exception is org.springframework.beans.factory.BeanCreationException: Error creating bean with name 'connectedReceiver': Injection of resource dependencies failed; nested exception is org.springframework.beans.factory.UnsatisfiedDependencyException: Error creating bean with name 'connectedListener': Unsatisfied dependency expressed through field 'changePushService'; nested exception is org.springframework.beans.factory.BeanCreationException: Error creating bean with name 'changePushService': Injection of resource dependencies failed; nested exception is org.springframework.beans.factory.BeanCreationException: Error creating bean with name 'appMqttClient' defined in class path resource [com/zht/emqdemo/common/config/emq/AppMqttConfig.class]: Bean instantiation via factory method failed; nested exception is org.springframework.beans.BeanInstantiationException: Failed to instantiate [org.eclipse.paho.client.mqttv3.MqttClient]: Factory method 'mqttConnClient' threw exception; nested exception is MqttException (0) - java.net.SocketTimeoutException: connect timed out
	at org.springframework.beans.factory.support.ConstructorResolver.createArgumentArray(ConstructorResolver.java:800)
	at org.springframework.beans.factory.support.ConstructorResolver.instantiateUsingFactoryMethod(ConstructorResolver.java:541)
	at org.springframework.beans.factory.support.AbstractAutowireCapableBeanFactory.instantiateUsingFactoryMethod(AbstractAutowireCapableBeanFactory.java:1336)
	at org.springframework.beans.factory.support.AbstractAutowireCapableBeanFactory.createBeanInstance(AbstractAutowireCapableBeanFactory.java:1179)
	at org.springframework.beans.factory.support.AbstractAutowireCapableBeanFactory.doCreateBean(AbstractAutowireCapableBeanFactory.java:571)
	at org.springframework.beans.factory.support.AbstractAutowireCapableBeanFactory.createBean(AbstractAutowireCapableBeanFactory.java:531)
	at org.springframework.beans.factory.support.AbstractBeanFactory.lambda$doGetBean$0(AbstractBeanFactory.java:335)
	at org.springframework.beans.factory.support.DefaultSingletonBeanRegistry.getSingleton(DefaultSingletonBeanRegistry.java:234)
	at org.springframework.beans.factory.support.AbstractBeanFactory.doGetBean(AbstractBeanFactory.java:333)
	at org.springframework.beans.factory.support.AbstractBeanFactory.getBean(AbstractBeanFactory.java:213)
	at org.springframework.beans.factory.support.AbstractAutowireCapableBeanFactory.resolveBeanByName(AbstractAutowireCapableBeanFactory.java:468)
	at org.springframework.context.annotation.CommonAnnotationBeanPostProcessor.autowireResource(CommonAnnotationBeanPostProcessor.java:527)
	at org.springframework.context.annotation.CommonAnnotationBeanPostProcessor.getResource(CommonAnnotationBeanPostProcessor.java:497)
	at org.springframework.context.annotation.CommonAnnotationBeanPostProcessor$ResourceElement.getResourceToInject(CommonAnnotationBeanPostProcessor.java:650)
	at org.springframework.beans.factory.annotation.InjectionMetadata$InjectedElement.inject(InjectionMetadata.java:228)
	at org.springframework.beans.factory.annotation.InjectionMetadata.inject(InjectionMetadata.java:119)
	at org.springframework.context.annotation.CommonAnnotationBeanPostProcessor.postProcessProperties(CommonAnnotationBeanPostProcessor.java:318)
	... 51 common frames omitted
Caused by: org.springframework.beans.factory.BeanCreationException: Error creating bean with name 'connectedReceiver': Injection of resource dependencies failed; nested exception is org.springframework.beans.factory.UnsatisfiedDependencyException: Error creating bean with name 'connectedListener': Unsatisfied dependency expressed through field 'changePushService'; nested exception is org.springframework.beans.factory.BeanCreationException: Error creating bean with name 'changePushService': Injection of resource dependencies failed; nested exception is org.springframework.beans.factory.BeanCreationException: Error creating bean with name 'appMqttClient' defined in class path resource [com/zht/emqdemo/common/config/emq/AppMqttConfig.class]: Bean instantiation via factory method failed; nested exception is org.springframework.beans.BeanInstantiationException: Failed to instantiate [org.eclipse.paho.client.mqttv3.MqttClient]: Factory method 'mqttConnClient' threw exception; nested exception is MqttException (0) - java.net.SocketTimeoutException: connect timed out
	at org.springframework.context.annotation.CommonAnnotationBeanPostProcessor.postProcessProperties(CommonAnnotationBeanPostProcessor.java:321)
	at org.springframework.beans.factory.support.AbstractAutowireCapableBeanFactory.populateBean(AbstractAutowireCapableBeanFactory.java:1415)
	at org.springframework.beans.factory.support.AbstractAutowireCapableBeanFactory.doCreateBean(AbstractAutowireCapableBeanFactory.java:608)
	at org.springframework.beans.factory.support.AbstractAutowireCapableBeanFactory.createBean(AbstractAutowireCapableBeanFactory.java:531)
	at org.springframework.beans.factory.support.AbstractBeanFactory.lambda$doGetBean$0(AbstractBeanFactory.java:335)
	at org.springframework.beans.factory.support.DefaultSingletonBeanRegistry.getSingleton(DefaultSingletonBeanRegistry.java:234)
	at org.springframework.beans.factory.support.AbstractBeanFactory.doGetBean(AbstractBeanFactory.java:333)
	at org.springframework.beans.factory.support.AbstractBeanFactory.getBean(AbstractBeanFactory.java:208)
	at org.springframework.beans.factory.config.DependencyDescriptor.resolveCandidate(DependencyDescriptor.java:276)
	at org.springframework.beans.factory.support.DefaultListableBeanFactory.addCandidateEntry(DefaultListableBeanFactory.java:1585)
	at org.springframework.beans.factory.support.DefaultListableBeanFactory.findAutowireCandidates(DefaultListableBeanFactory.java:1549)
	at org.springframework.beans.factory.support.DefaultListableBeanFactory.resolveMultipleBeans(DefaultListableBeanFactory.java:1438)
	at org.springframework.beans.factory.support.DefaultListableBeanFactory.doResolveDependency(DefaultListableBeanFactory.java:1325)
	at org.springframework.beans.factory.support.DefaultListableBeanFactory.resolveDependency(DefaultListableBeanFactory.java:1287)
	at org.springframework.beans.factory.support.ConstructorResolver.resolveAutowiredArgument(ConstructorResolver.java:887)
	at org.springframework.beans.factory.support.ConstructorResolver.createArgumentArray(ConstructorResolver.java:791)
	... 67 common frames omitted
Caused by: org.springframework.beans.factory.UnsatisfiedDependencyException: Error creating bean with name 'connectedListener': Unsatisfied dependency expressed through field 'changePushService'; nested exception is org.springframework.beans.factory.BeanCreationException: Error creating bean with name 'changePushService': Injection of resource dependencies failed; nested exception is org.springframework.beans.factory.BeanCreationException: Error creating bean with name 'appMqttClient' defined in class path resource [com/zht/emqdemo/common/config/emq/AppMqttConfig.class]: Bean instantiation via factory method failed; nested exception is org.springframework.beans.BeanInstantiationException: Failed to instantiate [org.eclipse.paho.client.mqttv3.MqttClient]: Factory method 'mqttConnClient' threw exception; nested exception is MqttException (0) - java.net.SocketTimeoutException: connect timed out
	at org.springframework.beans.factory.annotation.AutowiredAnnotationBeanPostProcessor$AutowiredFieldElement.inject(AutowiredAnnotationBeanPostProcessor.java:643)
	at org.springframework.beans.factory.annotation.InjectionMetadata.inject(InjectionMetadata.java:119)
	at org.springframework.beans.factory.annotation.AutowiredAnnotationBeanPostProcessor.postProcessProperties(AutowiredAnnotationBeanPostProcessor.java:399)
	at org.springframework.beans.factory.support.AbstractAutowireCapableBeanFactory.populateBean(AbstractAutowireCapableBeanFactory.java:1415)
	at org.springframework.beans.factory.support.AbstractAutowireCapableBeanFactory.doCreateBean(AbstractAutowireCapableBeanFactory.java:608)
	at org.springframework.beans.factory.support.AbstractAutowireCapableBeanFactory.createBean(AbstractAutowireCapableBeanFactory.java:531)
	at org.springframework.beans.factory.support.AbstractBeanFactory.lambda$doGetBean$0(AbstractBeanFactory.java:335)
	at org.springframework.beans.factory.support.DefaultSingletonBeanRegistry.getSingleton(DefaultSingletonBeanRegistry.java:234)
	at org.springframework.beans.factory.support.AbstractBeanFactory.doGetBean(AbstractBeanFactory.java:333)
	at org.springframework.beans.factory.support.AbstractBeanFactory.getBean(AbstractBeanFactory.java:213)
	at org.springframework.beans.factory.support.AbstractAutowireCapableBeanFactory.resolveBeanByName(AbstractAutowireCapableBeanFactory.java:468)
	at org.springframework.context.annotation.CommonAnnotationBeanPostProcessor.autowireResource(CommonAnnotationBeanPostProcessor.java:527)
	at org.springframework.context.annotation.CommonAnnotationBeanPostProcessor.getResource(CommonAnnotationBeanPostProcessor.java:497)
	at org.springframework.context.annotation.CommonAnnotationBeanPostProcessor$ResourceElement.getResourceToInject(CommonAnnotationBeanPostProcessor.java:650)
	at org.springframework.beans.factory.annotation.InjectionMetadata$InjectedElement.inject(InjectionMetadata.java:228)
	at org.springframework.beans.factory.annotation.InjectionMetadata.inject(InjectionMetadata.java:119)
	at org.springframework.context.annotation.CommonAnnotationBeanPostProcessor.postProcessProperties(CommonAnnotationBeanPostProcessor.java:318)
	... 82 common frames omitted
Caused by: org.springframework.beans.factory.BeanCreationException: Error creating bean with name 'changePushService': Injection of resource dependencies failed; nested exception is org.springframework.beans.factory.BeanCreationException: Error creating bean with name 'appMqttClient' defined in class path resource [com/zht/emqdemo/common/config/emq/AppMqttConfig.class]: Bean instantiation via factory method failed; nested exception is org.springframework.beans.BeanInstantiationException: Failed to instantiate [org.eclipse.paho.client.mqttv3.MqttClient]: Factory method 'mqttConnClient' threw exception; nested exception is MqttException (0) - java.net.SocketTimeoutException: connect timed out
	at org.springframework.context.annotation.CommonAnnotationBeanPostProcessor.postProcessProperties(CommonAnnotationBeanPostProcessor.java:321)
	at org.springframework.beans.factory.support.AbstractAutowireCapableBeanFactory.populateBean(AbstractAutowireCapableBeanFactory.java:1415)
	at org.springframework.beans.factory.support.AbstractAutowireCapableBeanFactory.doCreateBean(AbstractAutowireCapableBeanFactory.java:608)
	at org.springframework.beans.factory.support.AbstractAutowireCapableBeanFactory.createBean(AbstractAutowireCapableBeanFactory.java:531)
	at org.springframework.beans.factory.support.AbstractBeanFactory.lambda$doGetBean$0(AbstractBeanFactory.java:335)
	at org.springframework.beans.factory.support.DefaultSingletonBeanRegistry.getSingleton(DefaultSingletonBeanRegistry.java:234)
	at org.springframework.beans.factory.support.AbstractBeanFactory.doGetBean(AbstractBeanFactory.java:333)
	at org.springframework.beans.factory.support.AbstractBeanFactory.getBean(AbstractBeanFactory.java:208)
	at org.springframework.beans.factory.config.DependencyDescriptor.resolveCandidate(DependencyDescriptor.java:276)
	at org.springframework.beans.factory.support.DefaultListableBeanFactory.doResolveDependency(DefaultListableBeanFactory.java:1367)
	at org.springframework.beans.factory.support.DefaultListableBeanFactory.resolveDependency(DefaultListableBeanFactory.java:1287)
	at org.springframework.beans.factory.annotation.AutowiredAnnotationBeanPostProcessor$AutowiredFieldElement.inject(AutowiredAnnotationBeanPostProcessor.java:640)
	... 98 common frames omitted
Caused by: org.springframework.beans.factory.BeanCreationException: Error creating bean with name 'appMqttClient' defined in class path resource [com/zht/emqdemo/common/config/emq/AppMqttConfig.class]: Bean instantiation via factory method failed; nested exception is org.springframework.beans.BeanInstantiationException: Failed to instantiate [org.eclipse.paho.client.mqttv3.MqttClient]: Factory method 'mqttConnClient' threw exception; nested exception is MqttException (0) - java.net.SocketTimeoutException: connect timed out
	at org.springframework.beans.factory.support.ConstructorResolver.instantiate(ConstructorResolver.java:658)
	at org.springframework.beans.factory.support.ConstructorResolver.instantiateUsingFactoryMethod(ConstructorResolver.java:486)
	at org.springframework.beans.factory.support.AbstractAutowireCapableBeanFactory.instantiateUsingFactoryMethod(AbstractAutowireCapableBeanFactory.java:1336)
	at org.springframework.beans.factory.support.AbstractAutowireCapableBeanFactory.createBeanInstance(AbstractAutowireCapableBeanFactory.java:1179)
	at org.springframework.beans.factory.support.AbstractAutowireCapableBeanFactory.doCreateBean(AbstractAutowireCapableBeanFactory.java:571)
	at org.springframework.beans.factory.support.AbstractAutowireCapableBeanFactory.createBean(AbstractAutowireCapableBeanFactory.java:531)
	at org.springframework.beans.factory.support.AbstractBeanFactory.lambda$doGetBean$0(AbstractBeanFactory.java:335)
	at org.springframework.beans.factory.support.DefaultSingletonBeanRegistry.getSingleton(DefaultSingletonBeanRegistry.java:234)
	at org.springframework.beans.factory.support.AbstractBeanFactory.doGetBean(AbstractBeanFactory.java:333)
	at org.springframework.beans.factory.support.AbstractBeanFactory.getBean(AbstractBeanFactory.java:213)
	at org.springframework.beans.factory.support.AbstractAutowireCapableBeanFactory.resolveBeanByName(AbstractAutowireCapableBeanFactory.java:468)
	at org.springframework.context.annotation.CommonAnnotationBeanPostProcessor.autowireResource(CommonAnnotationBeanPostProcessor.java:527)
	at org.springframework.context.annotation.CommonAnnotationBeanPostProcessor.getResource(CommonAnnotationBeanPostProcessor.java:497)
	at org.springframework.context.annotation.CommonAnnotationBeanPostProcessor$ResourceElement.getResourceToInject(CommonAnnotationBeanPostProcessor.java:650)
	at org.springframework.beans.factory.annotation.InjectionMetadata$InjectedElement.inject(InjectionMetadata.java:228)
	at org.springframework.beans.factory.annotation.InjectionMetadata.inject(InjectionMetadata.java:119)
	at org.springframework.context.annotation.CommonAnnotationBeanPostProcessor.postProcessProperties(CommonAnnotationBeanPostProcessor.java:318)
	... 109 common frames omitted
Caused by: org.springframework.beans.BeanInstantiationException: Failed to instantiate [org.eclipse.paho.client.mqttv3.MqttClient]: Factory method 'mqttConnClient' threw exception; nested exception is MqttException (0) - java.net.SocketTimeoutException: connect timed out
	at org.springframework.beans.factory.support.SimpleInstantiationStrategy.instantiate(SimpleInstantiationStrategy.java:185)
	at org.springframework.beans.factory.support.ConstructorResolver.instantiate(ConstructorResolver.java:653)
	... 125 common frames omitted
Caused by: org.eclipse.paho.client.mqttv3.MqttException: MqttException
	at org.eclipse.paho.client.mqttv3.internal.ExceptionHelper.createMqttException(ExceptionHelper.java:38)
	at org.eclipse.paho.client.mqttv3.internal.ClientComms$ConnectBG.run(ClientComms.java:736)
	at java.lang.Thread.run(Thread.java:748)
Caused by: java.net.SocketTimeoutException: connect timed out
	at java.net.PlainSocketImpl.socketConnect(Native Method)
	at java.net.AbstractPlainSocketImpl.doConnect(AbstractPlainSocketImpl.java:476)
	at java.net.AbstractPlainSocketImpl.connectToAddress(AbstractPlainSocketImpl.java:218)
	at java.net.AbstractPlainSocketImpl.connect(AbstractPlainSocketImpl.java:200)
	at java.net.SocksSocketImpl.connect(SocksSocketImpl.java:394)
	at java.net.Socket.connect(Socket.java:606)
	at org.eclipse.paho.client.mqttv3.internal.TCPNetworkModule.start(TCPNetworkModule.java:74)
	at org.eclipse.paho.client.mqttv3.internal.ClientComms$ConnectBG.run(ClientComms.java:722)
	... 1 common frames omitted
11:23:14.021 INFO  o.h.v.i.util.Version - [<clinit>,21] - HV000001: Hibernate Validator 6.1.6.Final
11:23:14.039 INFO  c.z.e.ZhtApplication - [logStarting,55] - Starting ZhtApplication using Java 1.8.0_261 on AllchickendeMacBook-Pro.local with PID 93378 (/Users/allchicken/IdeaProjects/emqdemo/target/classes started by allchicken in /Users/allchicken/IdeaProjects/emqdemo)
11:23:14.040 INFO  c.z.e.ZhtApplication - [logStartupProfileInfo,660] - No active profile set, falling back to default profiles: default
11:23:15.165 INFO  o.a.c.h.Http11NioProtocol - [log,173] - Initializing ProtocolHandler ["http-nio-8080"]
11:23:15.167 INFO  o.a.c.c.StandardService - [log,173] - Starting service [Tomcat]
11:23:15.167 INFO  o.a.c.c.StandardEngine - [log,173] - Starting Servlet engine: [Apache Tomcat/9.0.41]
11:23:15.228 INFO  o.a.c.c.C.[.[.[/] - [log,173] - Initializing Spring embedded WebApplicationContext
11:23:15.799 INFO  c.z.e.c.c.e.AppMqttConfig - [connectComplete,61] - APP服务端连接Broker连接成功, clientId: APP-SERVER:ee580dcc-743a-4236-b6f2-033a7e1be310
11:23:16.440 INFO  c.z.e.c.c.e.DeviceMqttConfig - [connectComplete,64] - Device服务端连接Broker连接成功, clientId: DEVICE-SERVER:80d618da-4f2e-4858-aac6-19fa07e71229
11:23:16.448 INFO  c.z.e.c.c.e.DeviceMqttConfig - [start,125] - 订阅主题成功：topic=/World ,Qos=0
11:23:16.451 INFO  c.z.e.c.c.e.DeviceMqttConfig - [start,125] - 订阅主题成功：topic=/World ,Qos=0
11:23:16.453 INFO  c.z.e.c.c.e.DeviceMqttConfig - [start,125] - 订阅主题成功：topic=/World ,Qos=0
11:23:16.906 INFO  o.a.c.h.Http11NioProtocol - [log,173] - Starting ProtocolHandler ["http-nio-8080"]
11:23:16.942 INFO  c.z.e.ZhtApplication - [logStarted,61] - Started ZhtApplication in 3.238 seconds (JVM running for 4.037)
11:23:20.553 INFO  c.z.e.c.c.e.AppMqttConfig - [connectionLost,72] - APP服务端断开重连中...
11:23:20.906 INFO  c.z.e.c.c.e.AppMqttConfig - [connectComplete,61] - APP服务端连接Broker连接成功, clientId: APP-SERVER:fd00ab14-0ad2-447f-99c7-2f3a50574030
11:23:39.027 INFO  c.z.e.m.r.c.ServiceResponseForwarder - [forward,51] - 设备控制响应处理开始: /World
11:23:39.027 INFO  c.z.e.m.r.c.ServiceResponseForwarder - [forward,52] - 消息载荷: {
  "msg": "hello"
}
11:23:39.160 ERROR c.z.e.m.r.c.ServiceResponseForwarder - [forward,68] - 控制响应消息载荷校验失败: 
javax.validation.ValidationException: 毫秒级时间戳不能为空
	at com.zht.emqdemo.common.util.ValidateUtil.validate(ValidateUtil.java:31)
	at com.zht.emqdemo.mqtt.receiver.common.ServiceResponseForwarder.forward(ServiceResponseForwarder.java:66)
	at com.zht.emqdemo.mqtt.receiver.ForwardReceiver.receive(ForwardReceiver.java:35)
	at com.zht.emqdemo.mqtt.receiver.system.AbstractReceiver.messageArrived(AbstractReceiver.java:64)
	at org.eclipse.paho.client.mqttv3.internal.CommsCallback.deliverMessage(CommsCallback.java:506)
	at org.eclipse.paho.client.mqttv3.internal.CommsCallback.handleMessage(CommsCallback.java:417)
	at org.eclipse.paho.client.mqttv3.internal.CommsCallback.run(CommsCallback.java:214)
	at java.lang.Thread.run(Thread.java:748)
11:23:39.750 INFO  c.z.e.m.r.c.ServiceResponseForwarder - [forward,51] - 设备控制响应处理开始: /World
11:23:39.751 INFO  c.z.e.m.r.c.ServiceResponseForwarder - [forward,52] - 消息载荷: {
  "msg": "hello"
}
11:23:39.752 ERROR c.z.e.m.r.c.ServiceResponseForwarder - [forward,68] - 控制响应消息载荷校验失败: 
javax.validation.ValidationException: 客户端令牌不能为空
	at com.zht.emqdemo.common.util.ValidateUtil.validate(ValidateUtil.java:31)
	at com.zht.emqdemo.mqtt.receiver.common.ServiceResponseForwarder.forward(ServiceResponseForwarder.java:66)
	at com.zht.emqdemo.mqtt.receiver.ForwardReceiver.receive(ForwardReceiver.java:35)
	at com.zht.emqdemo.mqtt.receiver.system.AbstractReceiver.messageArrived(AbstractReceiver.java:64)
	at org.eclipse.paho.client.mqttv3.internal.CommsCallback.deliverMessage(CommsCallback.java:506)
	at org.eclipse.paho.client.mqttv3.internal.CommsCallback.handleMessage(CommsCallback.java:417)
	at org.eclipse.paho.client.mqttv3.internal.CommsCallback.run(CommsCallback.java:214)
	at java.lang.Thread.run(Thread.java:748)
11:24:20.909 INFO  c.z.e.c.c.e.AppMqttConfig - [connectionLost,72] - APP服务端断开重连中...
11:24:20.912 INFO  c.z.e.c.c.e.AppMqttConfig - [connectionLost,75] - APP服务端重连失败,一分钟后再次尝试
11:24:20.912 INFO  c.z.e.c.c.e.AppMqttConfig - [connectionLost,78] - APP服务端重连成功
12:34:22.003 ERROR c.z.e.c.c.e.AppMqttConfig - [connectionLost,67] - APP服务端连接异常断开！
org.eclipse.paho.client.mqttv3.MqttException: 已断开连接
	at org.eclipse.paho.client.mqttv3.internal.CommsReceiver.run(CommsReceiver.java:190)
	at java.lang.Thread.run(Thread.java:748)
Caused by: java.net.SocketException: Operation timed out (Read failed)
	at java.net.SocketInputStream.socketRead0(Native Method)
	at java.net.SocketInputStream.socketRead(SocketInputStream.java:116)
	at java.net.SocketInputStream.read(SocketInputStream.java:171)
	at java.net.SocketInputStream.read(SocketInputStream.java:141)
	at java.net.SocketInputStream.read(SocketInputStream.java:224)
	at java.io.DataInputStream.readByte(DataInputStream.java:265)
	at org.eclipse.paho.client.mqttv3.internal.wire.MqttInputStream.readMqttWireMessage(MqttInputStream.java:92)
	at org.eclipse.paho.client.mqttv3.internal.CommsReceiver.run(CommsReceiver.java:137)
	... 1 common frames omitted
12:34:22.260 ERROR c.z.e.c.c.e.DeviceMqttConfig - [connectionLost,70] - Device服务端连接异常断开！
org.eclipse.paho.client.mqttv3.MqttException: 已断开连接
	at org.eclipse.paho.client.mqttv3.internal.CommsReceiver.run(CommsReceiver.java:190)
	at java.lang.Thread.run(Thread.java:748)
Caused by: java.net.SocketException: Operation timed out (Read failed)
	at java.net.SocketInputStream.socketRead0(Native Method)
	at java.net.SocketInputStream.socketRead(SocketInputStream.java:116)
	at java.net.SocketInputStream.read(SocketInputStream.java:171)
	at java.net.SocketInputStream.read(SocketInputStream.java:141)
	at java.net.SocketInputStream.read(SocketInputStream.java:224)
	at java.io.DataInputStream.readByte(DataInputStream.java:265)
	at org.eclipse.paho.client.mqttv3.internal.wire.MqttInputStream.readMqttWireMessage(MqttInputStream.java:92)
	at org.eclipse.paho.client.mqttv3.internal.CommsReceiver.run(CommsReceiver.java:137)
	... 1 common frames omitted
12:34:26.765 ERROR c.z.e.c.c.e.AppMqttConfig - [connectionLost,67] - APP服务端连接异常断开！
org.eclipse.paho.client.mqttv3.MqttException: 已断开连接
	at org.eclipse.paho.client.mqttv3.internal.CommsReceiver.run(CommsReceiver.java:190)
	at java.lang.Thread.run(Thread.java:748)
Caused by: java.net.SocketException: Operation timed out (Read failed)
	at java.net.SocketInputStream.socketRead0(Native Method)
	at java.net.SocketInputStream.socketRead(SocketInputStream.java:116)
	at java.net.SocketInputStream.read(SocketInputStream.java:171)
	at java.net.SocketInputStream.read(SocketInputStream.java:141)
	at java.net.SocketInputStream.read(SocketInputStream.java:224)
	at java.io.DataInputStream.readByte(DataInputStream.java:265)
	at org.eclipse.paho.client.mqttv3.internal.wire.MqttInputStream.readMqttWireMessage(MqttInputStream.java:92)
	at org.eclipse.paho.client.mqttv3.internal.CommsReceiver.run(CommsReceiver.java:137)
	... 1 common frames omitted
12:35:22.042 INFO  c.z.e.c.c.e.AppMqttConfig - [connectionLost,72] - APP服务端断开重连中...
12:35:22.266 INFO  c.z.e.c.c.e.DeviceMqttConfig - [connectionLost,75] - Device服务端断开重连中...
12:35:26.816 INFO  c.z.e.c.c.e.AppMqttConfig - [connectionLost,72] - APP服务端断开重连中...
12:35:56.835 INFO  c.z.e.c.c.e.AppMqttConfig - [connectionLost,75] - APP服务端重连失败,一分钟后再次尝试
12:36:22.107 INFO  c.z.e.c.c.e.AppMqttConfig - [connectionLost,75] - APP服务端重连失败,一分钟后再次尝试
12:36:22.295 INFO  c.z.e.c.c.e.DeviceMqttConfig - [connectionLost,78] - Device服务端重连失败,一分钟后再次尝试
12:36:56.845 INFO  c.z.e.c.c.e.AppMqttConfig - [connectionLost,72] - APP服务端断开重连中...
12:37:22.114 INFO  c.z.e.c.c.e.AppMqttConfig - [connectionLost,72] - APP服务端断开重连中...
12:37:22.302 INFO  c.z.e.c.c.e.DeviceMqttConfig - [connectionLost,75] - Device服务端断开重连中...
12:37:22.303 INFO  c.z.e.c.c.e.DeviceMqttConfig - [connectionLost,78] - Device服务端重连失败,一分钟后再次尝试
12:37:26.859 INFO  c.z.e.c.c.e.AppMqttConfig - [connectionLost,75] - APP服务端重连失败,一分钟后再次尝试
12:38:22.132 INFO  c.z.e.c.c.e.AppMqttConfig - [connectionLost,75] - APP服务端重连失败,一分钟后再次尝试
12:38:22.308 INFO  c.z.e.c.c.e.DeviceMqttConfig - [connectionLost,75] - Device服务端断开重连中...
12:38:22.309 INFO  c.z.e.c.c.e.DeviceMqttConfig - [connectionLost,78] - Device服务端重连失败,一分钟后再次尝试
12:38:26.868 INFO  c.z.e.c.c.e.AppMqttConfig - [connectionLost,72] - APP服务端断开重连中...
12:39:22.140 INFO  c.z.e.c.c.e.AppMqttConfig - [connectionLost,72] - APP服务端断开重连中...
12:39:22.317 INFO  c.z.e.c.c.e.DeviceMqttConfig - [connectionLost,75] - Device服务端断开重连中...
12:39:22.318 INFO  c.z.e.c.c.e.DeviceMqttConfig - [connectionLost,78] - Device服务端重连失败,一分钟后再次尝试
12:39:26.885 INFO  c.z.e.c.c.e.AppMqttConfig - [connectionLost,75] - APP服务端重连失败,一分钟后再次尝试
12:40:22.156 INFO  c.z.e.c.c.e.AppMqttConfig - [connectionLost,75] - APP服务端重连失败,一分钟后再次尝试
12:40:22.323 INFO  c.z.e.c.c.e.DeviceMqttConfig - [connectionLost,75] - Device服务端断开重连中...
12:40:22.324 INFO  c.z.e.c.c.e.DeviceMqttConfig - [connectionLost,78] - Device服务端重连失败,一分钟后再次尝试
12:40:26.894 INFO  c.z.e.c.c.e.AppMqttConfig - [connectionLost,72] - APP服务端断开重连中...
12:41:22.158 INFO  c.z.e.c.c.e.AppMqttConfig - [connectionLost,72] - APP服务端断开重连中...
12:41:22.329 INFO  c.z.e.c.c.e.DeviceMqttConfig - [connectionLost,75] - Device服务端断开重连中...
12:41:22.332 INFO  c.z.e.c.c.e.DeviceMqttConfig - [connectionLost,78] - Device服务端重连失败,一分钟后再次尝试
12:41:26.909 INFO  c.z.e.c.c.e.AppMqttConfig - [connectionLost,75] - APP服务端重连失败,一分钟后再次尝试
12:42:22.181 INFO  c.z.e.c.c.e.AppMqttConfig - [connectionLost,75] - APP服务端重连失败,一分钟后再次尝试
12:42:22.337 INFO  c.z.e.c.c.e.DeviceMqttConfig - [connectionLost,75] - Device服务端断开重连中...
12:42:22.338 INFO  c.z.e.c.c.e.DeviceMqttConfig - [connectionLost,78] - Device服务端重连失败,一分钟后再次尝试
12:42:26.916 INFO  c.z.e.c.c.e.AppMqttConfig - [connectionLost,72] - APP服务端断开重连中...
12:42:56.930 INFO  c.z.e.c.c.e.AppMqttConfig - [connectionLost,75] - APP服务端重连失败,一分钟后再次尝试
12:43:22.188 INFO  c.z.e.c.c.e.AppMqttConfig - [connectionLost,72] - APP服务端断开重连中...
12:43:22.343 INFO  c.z.e.c.c.e.DeviceMqttConfig - [connectionLost,75] - Device服务端断开重连中...
12:43:22.345 INFO  c.z.e.c.c.e.DeviceMqttConfig - [connectionLost,78] - Device服务端重连失败,一分钟后再次尝试
12:43:56.938 INFO  c.z.e.c.c.e.AppMqttConfig - [connectionLost,72] - APP服务端断开重连中...
12:43:56.944 INFO  c.z.e.c.c.e.AppMqttConfig - [connectionLost,75] - APP服务端重连失败,一分钟后再次尝试
12:44:22.208 INFO  c.z.e.c.c.e.AppMqttConfig - [connectionLost,75] - APP服务端重连失败,一分钟后再次尝试
12:44:22.350 INFO  c.z.e.c.c.e.DeviceMqttConfig - [connectionLost,75] - Device服务端断开重连中...
12:44:22.350 INFO  c.z.e.c.c.e.DeviceMqttConfig - [connectionLost,78] - Device服务端重连失败,一分钟后再次尝试
12:44:56.943 INFO  c.z.e.c.c.e.AppMqttConfig - [connectionLost,72] - APP服务端断开重连中...
12:45:22.214 INFO  c.z.e.c.c.e.AppMqttConfig - [connectionLost,72] - APP服务端断开重连中...
12:45:22.356 INFO  c.z.e.c.c.e.DeviceMqttConfig - [connectionLost,75] - Device服务端断开重连中...
12:45:22.358 INFO  c.z.e.c.c.e.DeviceMqttConfig - [connectionLost,78] - Device服务端重连失败,一分钟后再次尝试
12:45:26.961 INFO  c.z.e.c.c.e.AppMqttConfig - [connectionLost,75] - APP服务端重连失败,一分钟后再次尝试
12:46:22.239 INFO  c.z.e.c.c.e.AppMqttConfig - [connectionLost,75] - APP服务端重连失败,一分钟后再次尝试
12:46:22.364 INFO  c.z.e.c.c.e.DeviceMqttConfig - [connectionLost,75] - Device服务端断开重连中...
12:46:22.366 INFO  c.z.e.c.c.e.DeviceMqttConfig - [connectionLost,78] - Device服务端重连失败,一分钟后再次尝试
12:46:26.969 INFO  c.z.e.c.c.e.AppMqttConfig - [connectionLost,72] - APP服务端断开重连中...
12:47:22.247 INFO  c.z.e.c.c.e.AppMqttConfig - [connectionLost,72] - APP服务端断开重连中...
12:47:22.370 INFO  c.z.e.c.c.e.DeviceMqttConfig - [connectionLost,75] - Device服务端断开重连中...
12:47:22.372 INFO  c.z.e.c.c.e.DeviceMqttConfig - [connectionLost,78] - Device服务端重连失败,一分钟后再次尝试
12:47:26.992 INFO  c.z.e.c.c.e.AppMqttConfig - [connectionLost,75] - APP服务端重连失败,一分钟后再次尝试
12:48:22.268 INFO  c.z.e.c.c.e.AppMqttConfig - [connectionLost,75] - APP服务端重连失败,一分钟后再次尝试
12:48:22.373 INFO  c.z.e.c.c.e.DeviceMqttConfig - [connectionLost,75] - Device服务端断开重连中...
12:48:22.375 INFO  c.z.e.c.c.e.DeviceMqttConfig - [connectionLost,78] - Device服务端重连失败,一分钟后再次尝试
12:48:27.001 INFO  c.z.e.c.c.e.AppMqttConfig - [connectionLost,72] - APP服务端断开重连中...
12:49:22.277 INFO  c.z.e.c.c.e.AppMqttConfig - [connectionLost,72] - APP服务端断开重连中...
12:49:22.380 INFO  c.z.e.c.c.e.DeviceMqttConfig - [connectionLost,75] - Device服务端断开重连中...
12:49:22.383 INFO  c.z.e.c.c.e.DeviceMqttConfig - [connectionLost,78] - Device服务端重连失败,一分钟后再次尝试
12:49:27.019 INFO  c.z.e.c.c.e.AppMqttConfig - [connectionLost,75] - APP服务端重连失败,一分钟后再次尝试
12:50:22.298 INFO  c.z.e.c.c.e.AppMqttConfig - [connectionLost,75] - APP服务端重连失败,一分钟后再次尝试
12:50:22.389 INFO  c.z.e.c.c.e.DeviceMqttConfig - [connectionLost,75] - Device服务端断开重连中...
12:50:22.390 INFO  c.z.e.c.c.e.DeviceMqttConfig - [connectionLost,78] - Device服务端重连失败,一分钟后再次尝试
12:50:27.026 INFO  c.z.e.c.c.e.AppMqttConfig - [connectionLost,72] - APP服务端断开重连中...
12:51:22.304 INFO  c.z.e.c.c.e.AppMqttConfig - [connectionLost,72] - APP服务端断开重连中...
12:51:22.391 INFO  c.z.e.c.c.e.DeviceMqttConfig - [connectionLost,75] - Device服务端断开重连中...
12:51:22.391 INFO  c.z.e.c.c.e.DeviceMqttConfig - [connectionLost,78] - Device服务端重连失败,一分钟后再次尝试
12:51:27.046 INFO  c.z.e.c.c.e.AppMqttConfig - [connectionLost,75] - APP服务端重连失败,一分钟后再次尝试
12:52:22.326 INFO  c.z.e.c.c.e.AppMqttConfig - [connectionLost,75] - APP服务端重连失败,一分钟后再次尝试
12:52:22.398 INFO  c.z.e.c.c.e.DeviceMqttConfig - [connectionLost,75] - Device服务端断开重连中...
12:52:22.399 INFO  c.z.e.c.c.e.DeviceMqttConfig - [connectionLost,78] - Device服务端重连失败,一分钟后再次尝试
12:52:27.050 INFO  c.z.e.c.c.e.AppMqttConfig - [connectionLost,72] - APP服务端断开重连中...
12:52:57.060 INFO  c.z.e.c.c.e.AppMqttConfig - [connectionLost,75] - APP服务端重连失败,一分钟后再次尝试
13:01:02.306 INFO  c.z.e.c.c.e.AppMqttConfig - [connectionLost,72] - APP服务端断开重连中...
13:01:02.376 INFO  c.z.e.c.c.e.DeviceMqttConfig - [connectionLost,75] - Device服务端断开重连中...
13:01:02.378 INFO  c.z.e.c.c.e.DeviceMqttConfig - [connectionLost,78] - Device服务端重连失败,一分钟后再次尝试
13:01:02.661 INFO  c.z.e.c.c.e.AppMqttConfig - [connectComplete,61] - APP服务端连接Broker连接成功, clientId: APP-SERVER:ee580dcc-743a-4236-b6f2-033a7e1be310
13:01:37.044 INFO  c.z.e.c.c.e.AppMqttConfig - [connectionLost,72] - APP服务端断开重连中...
13:01:37.416 INFO  c.z.e.c.c.e.AppMqttConfig - [connectComplete,61] - APP服务端连接Broker连接成功, clientId: APP-SERVER:fd00ab14-0ad2-447f-99c7-2f3a50574030
13:02:02.382 INFO  c.z.e.c.c.e.DeviceMqttConfig - [connectionLost,75] - Device服务端断开重连中...
13:02:02.392 INFO  c.z.e.c.c.e.DeviceMqttConfig - [connectionLost,78] - Device服务端重连失败,一分钟后再次尝试
13:02:02.658 INFO  c.z.e.c.c.e.AppMqttConfig - [connectionLost,72] - APP服务端断开重连中...
13:02:02.666 INFO  c.z.e.c.c.e.AppMqttConfig - [connectionLost,75] - APP服务端重连失败,一分钟后再次尝试
13:02:02.675 INFO  c.z.e.c.c.e.AppMqttConfig - [connectionLost,78] - APP服务端重连成功
13:02:37.420 INFO  c.z.e.c.c.e.AppMqttConfig - [connectionLost,72] - APP服务端断开重连中...
13:02:37.429 INFO  c.z.e.c.c.e.AppMqttConfig - [connectionLost,75] - APP服务端重连失败,一分钟后再次尝试
13:02:37.429 INFO  c.z.e.c.c.e.AppMqttConfig - [connectionLost,78] - APP服务端重连成功
13:03:02.394 INFO  c.z.e.c.c.e.DeviceMqttConfig - [connectionLost,75] - Device服务端断开重连中...
13:03:02.395 INFO  c.z.e.c.c.e.DeviceMqttConfig - [connectionLost,78] - Device服务端重连失败,一分钟后再次尝试
13:04:02.398 INFO  c.z.e.c.c.e.DeviceMqttConfig - [connectionLost,75] - Device服务端断开重连中...
13:04:02.401 INFO  c.z.e.c.c.e.DeviceMqttConfig - [connectionLost,78] - Device服务端重连失败,一分钟后再次尝试
13:05:02.403 INFO  c.z.e.c.c.e.DeviceMqttConfig - [connectionLost,75] - Device服务端断开重连中...
13:05:02.405 INFO  c.z.e.c.c.e.DeviceMqttConfig - [connectionLost,78] - Device服务端重连失败,一分钟后再次尝试
13:06:02.410 INFO  c.z.e.c.c.e.DeviceMqttConfig - [connectionLost,75] - Device服务端断开重连中...
13:06:02.428 INFO  c.z.e.c.c.e.DeviceMqttConfig - [connectionLost,78] - Device服务端重连失败,一分钟后再次尝试
13:07:02.432 INFO  c.z.e.c.c.e.DeviceMqttConfig - [connectionLost,75] - Device服务端断开重连中...
13:07:02.433 INFO  c.z.e.c.c.e.DeviceMqttConfig - [connectionLost,78] - Device服务端重连失败,一分钟后再次尝试
13:08:02.434 INFO  c.z.e.c.c.e.DeviceMqttConfig - [connectionLost,75] - Device服务端断开重连中...
13:08:02.435 INFO  c.z.e.c.c.e.DeviceMqttConfig - [connectionLost,78] - Device服务端重连失败,一分钟后再次尝试
13:09:02.438 INFO  c.z.e.c.c.e.DeviceMqttConfig - [connectionLost,75] - Device服务端断开重连中...
13:09:02.440 INFO  c.z.e.c.c.e.DeviceMqttConfig - [connectionLost,78] - Device服务端重连失败,一分钟后再次尝试
13:10:02.443 INFO  c.z.e.c.c.e.DeviceMqttConfig - [connectionLost,75] - Device服务端断开重连中...
13:10:02.444 INFO  c.z.e.c.c.e.DeviceMqttConfig - [connectionLost,78] - Device服务端重连失败,一分钟后再次尝试
13:11:02.446 INFO  c.z.e.c.c.e.DeviceMqttConfig - [connectionLost,75] - Device服务端断开重连中...
13:11:02.447 INFO  c.z.e.c.c.e.DeviceMqttConfig - [connectionLost,78] - Device服务端重连失败,一分钟后再次尝试
13:12:02.452 INFO  c.z.e.c.c.e.DeviceMqttConfig - [connectionLost,75] - Device服务端断开重连中...
13:12:02.452 INFO  c.z.e.c.c.e.DeviceMqttConfig - [connectionLost,78] - Device服务端重连失败,一分钟后再次尝试
13:13:02.456 INFO  c.z.e.c.c.e.DeviceMqttConfig - [connectionLost,75] - Device服务端断开重连中...
13:13:02.456 INFO  c.z.e.c.c.e.DeviceMqttConfig - [connectionLost,78] - Device服务端重连失败,一分钟后再次尝试
13:14:02.456 INFO  c.z.e.c.c.e.DeviceMqttConfig - [connectionLost,75] - Device服务端断开重连中...
13:14:02.458 INFO  c.z.e.c.c.e.DeviceMqttConfig - [connectionLost,78] - Device服务端重连失败,一分钟后再次尝试
13:15:02.459 INFO  c.z.e.c.c.e.DeviceMqttConfig - [connectionLost,75] - Device服务端断开重连中...
13:15:02.469 INFO  c.z.e.c.c.e.DeviceMqttConfig - [connectionLost,78] - Device服务端重连失败,一分钟后再次尝试
13:16:02.469 INFO  c.z.e.c.c.e.DeviceMqttConfig - [connectionLost,75] - Device服务端断开重连中...
13:16:02.470 INFO  c.z.e.c.c.e.DeviceMqttConfig - [connectionLost,78] - Device服务端重连失败,一分钟后再次尝试
13:17:02.473 INFO  c.z.e.c.c.e.DeviceMqttConfig - [connectionLost,75] - Device服务端断开重连中...
13:17:02.475 INFO  c.z.e.c.c.e.DeviceMqttConfig - [connectionLost,78] - Device服务端重连失败,一分钟后再次尝试
13:18:02.480 INFO  c.z.e.c.c.e.DeviceMqttConfig - [connectionLost,75] - Device服务端断开重连中...
13:18:02.481 INFO  c.z.e.c.c.e.DeviceMqttConfig - [connectionLost,78] - Device服务端重连失败,一分钟后再次尝试
13:19:02.482 INFO  c.z.e.c.c.e.DeviceMqttConfig - [connectionLost,75] - Device服务端断开重连中...
13:19:02.483 INFO  c.z.e.c.c.e.DeviceMqttConfig - [connectionLost,78] - Device服务端重连失败,一分钟后再次尝试
13:20:02.485 INFO  c.z.e.c.c.e.DeviceMqttConfig - [connectionLost,75] - Device服务端断开重连中...
13:20:02.488 INFO  c.z.e.c.c.e.DeviceMqttConfig - [connectionLost,78] - Device服务端重连失败,一分钟后再次尝试
13:21:02.492 INFO  c.z.e.c.c.e.DeviceMqttConfig - [connectionLost,75] - Device服务端断开重连中...
13:21:02.495 INFO  c.z.e.c.c.e.DeviceMqttConfig - [connectionLost,78] - Device服务端重连失败,一分钟后再次尝试
13:21:39.897 WARN  o.s.b.f.s.DisposableBeanAdapter - [invokeCustomDestroyMethod,349] - Destroy method 'close' on bean with name 'appMqttClient' threw an exception: 已连接客户机 (32100)
13:27:13.447 INFO  o.h.v.i.util.Version - [<clinit>,21] - HV000001: Hibernate Validator 6.1.6.Final
13:27:13.455 INFO  c.z.e.ZhtApplication - [logStarting,55] - Starting ZhtApplication using Java 1.8.0_261 on AllchickendeMacBook-Pro.local with PID 94015 (/Users/allchicken/IdeaProjects/emqdemo/target/classes started by allchicken in /Users/allchicken/IdeaProjects/emqdemo)
13:27:13.456 INFO  c.z.e.ZhtApplication - [logStartupProfileInfo,660] - No active profile set, falling back to default profiles: default
13:27:14.719 INFO  o.a.c.h.Http11NioProtocol - [log,173] - Initializing ProtocolHandler ["http-nio-8080"]
13:27:14.720 INFO  o.a.c.c.StandardService - [log,173] - Starting service [Tomcat]
13:27:14.720 INFO  o.a.c.c.StandardEngine - [log,173] - Starting Servlet engine: [Apache Tomcat/9.0.41]
13:27:14.780 INFO  o.a.c.c.C.[.[.[/] - [log,173] - Initializing Spring embedded WebApplicationContext
13:27:15.361 INFO  c.z.e.c.c.e.AppMqttConfig - [connectComplete,61] - APP服务端连接Broker连接成功, clientId: APP-SERVER:fb3b5822-fc53-489d-a7a1-032534f2e524
13:27:15.878 INFO  c.z.e.c.c.e.DeviceMqttConfig - [connectComplete,64] - Device服务端连接Broker连接成功, clientId: DEVICE-SERVER:2a8c2695-b3e1-41ca-9c64-8643d39fc352
13:27:15.894 WARN  o.s.b.w.s.c.AnnotationConfigServletWebServerApplicationContext - [refresh,596] - Exception encountered during context initialization - cancelling refresh attempt: org.springframework.beans.factory.BeanCreationException: Error creating bean with name 'deviceEventProxy': Injection of resource dependencies failed; nested exception is org.springframework.beans.factory.BeanCreationException: Error creating bean with name 'uploadCabinetEvent': Injection of resource dependencies failed; nested exception is org.springframework.beans.factory.BeanCreationException: Error creating bean with name 'eventRespPublisher': Injection of resource dependencies failed; nested exception is org.springframework.beans.factory.BeanCreationException: Error creating bean with name 'deviceMqttClient' defined in class path resource [com/zht/emqdemo/common/config/emq/DeviceMqttConfig.class]: Bean instantiation via factory method failed; nested exception is org.springframework.beans.BeanInstantiationException: Failed to instantiate [org.eclipse.paho.client.mqttv3.MqttClient]: Factory method 'mqttConnClient' threw exception; nested exception is MqttException (128)
13:27:15.907 WARN  o.s.b.f.s.DisposableBeanAdapter - [invokeCustomDestroyMethod,349] - Destroy method 'close' on bean with name 'appMqttClient' threw an exception: 已连接客户机 (32100)
13:27:15.909 INFO  o.a.c.c.StandardService - [log,173] - Stopping service [Tomcat]
13:27:15.935 ERROR o.s.b.SpringApplication - [reportFailure,856] - Application run failed
org.springframework.beans.factory.BeanCreationException: Error creating bean with name 'deviceEventProxy': Injection of resource dependencies failed; nested exception is org.springframework.beans.factory.BeanCreationException: Error creating bean with name 'uploadCabinetEvent': Injection of resource dependencies failed; nested exception is org.springframework.beans.factory.BeanCreationException: Error creating bean with name 'eventRespPublisher': Injection of resource dependencies failed; nested exception is org.springframework.beans.factory.BeanCreationException: Error creating bean with name 'deviceMqttClient' defined in class path resource [com/zht/emqdemo/common/config/emq/DeviceMqttConfig.class]: Bean instantiation via factory method failed; nested exception is org.springframework.beans.BeanInstantiationException: Failed to instantiate [org.eclipse.paho.client.mqttv3.MqttClient]: Factory method 'mqttConnClient' threw exception; nested exception is MqttException (128)
	at org.springframework.context.annotation.CommonAnnotationBeanPostProcessor.postProcessProperties(CommonAnnotationBeanPostProcessor.java:321)
	at org.springframework.beans.factory.support.AbstractAutowireCapableBeanFactory.populateBean(AbstractAutowireCapableBeanFactory.java:1415)
	at org.springframework.beans.factory.support.AbstractAutowireCapableBeanFactory.doCreateBean(AbstractAutowireCapableBeanFactory.java:608)
	at org.springframework.beans.factory.support.AbstractAutowireCapableBeanFactory.createBean(AbstractAutowireCapableBeanFactory.java:531)
	at org.springframework.beans.factory.support.AbstractBeanFactory.lambda$doGetBean$0(AbstractBeanFactory.java:335)
	at org.springframework.beans.factory.support.DefaultSingletonBeanRegistry.getSingleton(DefaultSingletonBeanRegistry.java:234)
	at org.springframework.beans.factory.support.AbstractBeanFactory.doGetBean(AbstractBeanFactory.java:333)
	at org.springframework.beans.factory.support.AbstractBeanFactory.getBean(AbstractBeanFactory.java:208)
	at org.springframework.beans.factory.support.DefaultListableBeanFactory.preInstantiateSingletons(DefaultListableBeanFactory.java:944)
	at org.springframework.context.support.AbstractApplicationContext.finishBeanFactoryInitialization(AbstractApplicationContext.java:923)
	at org.springframework.context.support.AbstractApplicationContext.refresh(AbstractApplicationContext.java:588)
	at org.springframework.boot.web.servlet.context.ServletWebServerApplicationContext.refresh(ServletWebServerApplicationContext.java:144)
	at org.springframework.boot.SpringApplication.refresh(SpringApplication.java:767)
	at org.springframework.boot.SpringApplication.refresh(SpringApplication.java:759)
	at org.springframework.boot.SpringApplication.refreshContext(SpringApplication.java:426)
	at org.springframework.boot.SpringApplication.run(SpringApplication.java:326)
	at org.springframework.boot.SpringApplication.run(SpringApplication.java:1309)
	at org.springframework.boot.SpringApplication.run(SpringApplication.java:1298)
	at com.zht.emqdemo.ZhtApplication.main(ZhtApplication.java:10)
Caused by: org.springframework.beans.factory.BeanCreationException: Error creating bean with name 'uploadCabinetEvent': Injection of resource dependencies failed; nested exception is org.springframework.beans.factory.BeanCreationException: Error creating bean with name 'eventRespPublisher': Injection of resource dependencies failed; nested exception is org.springframework.beans.factory.BeanCreationException: Error creating bean with name 'deviceMqttClient' defined in class path resource [com/zht/emqdemo/common/config/emq/DeviceMqttConfig.class]: Bean instantiation via factory method failed; nested exception is org.springframework.beans.BeanInstantiationException: Failed to instantiate [org.eclipse.paho.client.mqttv3.MqttClient]: Factory method 'mqttConnClient' threw exception; nested exception is MqttException (128)
	at org.springframework.context.annotation.CommonAnnotationBeanPostProcessor.postProcessProperties(CommonAnnotationBeanPostProcessor.java:321)
	at org.springframework.beans.factory.support.AbstractAutowireCapableBeanFactory.populateBean(AbstractAutowireCapableBeanFactory.java:1415)
	at org.springframework.beans.factory.support.AbstractAutowireCapableBeanFactory.doCreateBean(AbstractAutowireCapableBeanFactory.java:608)
	at org.springframework.beans.factory.support.AbstractAutowireCapableBeanFactory.createBean(AbstractAutowireCapableBeanFactory.java:531)
	at org.springframework.beans.factory.support.AbstractBeanFactory.lambda$doGetBean$0(AbstractBeanFactory.java:335)
	at org.springframework.beans.factory.support.DefaultSingletonBeanRegistry.getSingleton(DefaultSingletonBeanRegistry.java:234)
	at org.springframework.beans.factory.support.AbstractBeanFactory.doGetBean(AbstractBeanFactory.java:333)
	at org.springframework.beans.factory.support.AbstractBeanFactory.getBean(AbstractBeanFactory.java:208)
	at org.springframework.beans.factory.config.DependencyDescriptor.resolveCandidate(DependencyDescriptor.java:276)
	at org.springframework.beans.factory.support.DefaultListableBeanFactory.addCandidateEntry(DefaultListableBeanFactory.java:1585)
	at org.springframework.beans.factory.support.DefaultListableBeanFactory.findAutowireCandidates(DefaultListableBeanFactory.java:1549)
	at org.springframework.beans.factory.support.DefaultListableBeanFactory.resolveMultipleBeans(DefaultListableBeanFactory.java:1438)
	at org.springframework.beans.factory.support.DefaultListableBeanFactory.doResolveDependency(DefaultListableBeanFactory.java:1325)
	at org.springframework.beans.factory.support.DefaultListableBeanFactory.resolveDependency(DefaultListableBeanFactory.java:1287)
	at org.springframework.context.annotation.CommonAnnotationBeanPostProcessor.autowireResource(CommonAnnotationBeanPostProcessor.java:521)
	at org.springframework.context.annotation.CommonAnnotationBeanPostProcessor.getResource(CommonAnnotationBeanPostProcessor.java:497)
	at org.springframework.context.annotation.CommonAnnotationBeanPostProcessor$ResourceElement.getResourceToInject(CommonAnnotationBeanPostProcessor.java:650)
	at org.springframework.beans.factory.annotation.InjectionMetadata$InjectedElement.inject(InjectionMetadata.java:228)
	at org.springframework.beans.factory.annotation.InjectionMetadata.inject(InjectionMetadata.java:119)
	at org.springframework.context.annotation.CommonAnnotationBeanPostProcessor.postProcessProperties(CommonAnnotationBeanPostProcessor.java:318)
	... 18 common frames omitted
Caused by: org.springframework.beans.factory.BeanCreationException: Error creating bean with name 'eventRespPublisher': Injection of resource dependencies failed; nested exception is org.springframework.beans.factory.BeanCreationException: Error creating bean with name 'deviceMqttClient' defined in class path resource [com/zht/emqdemo/common/config/emq/DeviceMqttConfig.class]: Bean instantiation via factory method failed; nested exception is org.springframework.beans.BeanInstantiationException: Failed to instantiate [org.eclipse.paho.client.mqttv3.MqttClient]: Factory method 'mqttConnClient' threw exception; nested exception is MqttException (128)
	at org.springframework.context.annotation.CommonAnnotationBeanPostProcessor.postProcessProperties(CommonAnnotationBeanPostProcessor.java:321)
	at org.springframework.beans.factory.support.AbstractAutowireCapableBeanFactory.populateBean(AbstractAutowireCapableBeanFactory.java:1415)
	at org.springframework.beans.factory.support.AbstractAutowireCapableBeanFactory.doCreateBean(AbstractAutowireCapableBeanFactory.java:608)
	at org.springframework.beans.factory.support.AbstractAutowireCapableBeanFactory.createBean(AbstractAutowireCapableBeanFactory.java:531)
	at org.springframework.beans.factory.support.AbstractBeanFactory.lambda$doGetBean$0(AbstractBeanFactory.java:335)
	at org.springframework.beans.factory.support.DefaultSingletonBeanRegistry.getSingleton(DefaultSingletonBeanRegistry.java:234)
	at org.springframework.beans.factory.support.AbstractBeanFactory.doGetBean(AbstractBeanFactory.java:333)
	at org.springframework.beans.factory.support.AbstractBeanFactory.getBean(AbstractBeanFactory.java:213)
	at org.springframework.beans.factory.support.AbstractAutowireCapableBeanFactory.resolveBeanByName(AbstractAutowireCapableBeanFactory.java:468)
	at org.springframework.context.annotation.CommonAnnotationBeanPostProcessor.autowireResource(CommonAnnotationBeanPostProcessor.java:527)
	at org.springframework.context.annotation.CommonAnnotationBeanPostProcessor.getResource(CommonAnnotationBeanPostProcessor.java:497)
	at org.springframework.context.annotation.CommonAnnotationBeanPostProcessor$ResourceElement.getResourceToInject(CommonAnnotationBeanPostProcessor.java:650)
	at org.springframework.beans.factory.annotation.InjectionMetadata$InjectedElement.inject(InjectionMetadata.java:228)
	at org.springframework.beans.factory.annotation.InjectionMetadata.inject(InjectionMetadata.java:119)
	at org.springframework.context.annotation.CommonAnnotationBeanPostProcessor.postProcessProperties(CommonAnnotationBeanPostProcessor.java:318)
	... 37 common frames omitted
Caused by: org.springframework.beans.factory.BeanCreationException: Error creating bean with name 'deviceMqttClient' defined in class path resource [com/zht/emqdemo/common/config/emq/DeviceMqttConfig.class]: Bean instantiation via factory method failed; nested exception is org.springframework.beans.BeanInstantiationException: Failed to instantiate [org.eclipse.paho.client.mqttv3.MqttClient]: Factory method 'mqttConnClient' threw exception; nested exception is MqttException (128)
	at org.springframework.beans.factory.support.ConstructorResolver.instantiate(ConstructorResolver.java:658)
	at org.springframework.beans.factory.support.ConstructorResolver.instantiateUsingFactoryMethod(ConstructorResolver.java:638)
	at org.springframework.beans.factory.support.AbstractAutowireCapableBeanFactory.instantiateUsingFactoryMethod(AbstractAutowireCapableBeanFactory.java:1336)
	at org.springframework.beans.factory.support.AbstractAutowireCapableBeanFactory.createBeanInstance(AbstractAutowireCapableBeanFactory.java:1179)
	at org.springframework.beans.factory.support.AbstractAutowireCapableBeanFactory.doCreateBean(AbstractAutowireCapableBeanFactory.java:571)
	at org.springframework.beans.factory.support.AbstractAutowireCapableBeanFactory.createBean(AbstractAutowireCapableBeanFactory.java:531)
	at org.springframework.beans.factory.support.AbstractBeanFactory.lambda$doGetBean$0(AbstractBeanFactory.java:335)
	at org.springframework.beans.factory.support.DefaultSingletonBeanRegistry.getSingleton(DefaultSingletonBeanRegistry.java:234)
	at org.springframework.beans.factory.support.AbstractBeanFactory.doGetBean(AbstractBeanFactory.java:333)
	at org.springframework.beans.factory.support.AbstractBeanFactory.getBean(AbstractBeanFactory.java:213)
	at org.springframework.beans.factory.support.AbstractAutowireCapableBeanFactory.resolveBeanByName(AbstractAutowireCapableBeanFactory.java:468)
	at org.springframework.context.annotation.CommonAnnotationBeanPostProcessor.autowireResource(CommonAnnotationBeanPostProcessor.java:527)
	at org.springframework.context.annotation.CommonAnnotationBeanPostProcessor.getResource(CommonAnnotationBeanPostProcessor.java:497)
	at org.springframework.context.annotation.CommonAnnotationBeanPostProcessor$ResourceElement.getResourceToInject(CommonAnnotationBeanPostProcessor.java:650)
	at org.springframework.beans.factory.annotation.InjectionMetadata$InjectedElement.inject(InjectionMetadata.java:228)
	at org.springframework.beans.factory.annotation.InjectionMetadata.inject(InjectionMetadata.java:119)
	at org.springframework.context.annotation.CommonAnnotationBeanPostProcessor.postProcessProperties(CommonAnnotationBeanPostProcessor.java:318)
	... 51 common frames omitted
Caused by: org.springframework.beans.BeanInstantiationException: Failed to instantiate [org.eclipse.paho.client.mqttv3.MqttClient]: Factory method 'mqttConnClient' threw exception; nested exception is MqttException (128)
	at org.springframework.beans.factory.support.SimpleInstantiationStrategy.instantiate(SimpleInstantiationStrategy.java:185)
	at org.springframework.beans.factory.support.ConstructorResolver.instantiate(ConstructorResolver.java:653)
	... 67 common frames omitted
Caused by: org.eclipse.paho.client.mqttv3.MqttException: MqttException
	at org.eclipse.paho.client.mqttv3.MqttClient.subscribe(MqttClient.java:466)
	at org.eclipse.paho.client.mqttv3.MqttClient.subscribe(MqttClient.java:454)
	at com.zht.emqdemo.common.config.emq.DeviceMqttConfig.start(DeviceMqttConfig.java:124)
	at com.zht.emqdemo.common.config.emq.DeviceMqttConfig.mqttConnClient(DeviceMqttConfig.java:98)
	at com.zht.emqdemo.common.config.emq.DeviceMqttConfig$$EnhancerBySpringCGLIB$$69fd740c.CGLIB$mqttConnClient$0(<generated>)
	at com.zht.emqdemo.common.config.emq.DeviceMqttConfig$$EnhancerBySpringCGLIB$$69fd740c$$FastClassBySpringCGLIB$$32efcaa9.invoke(<generated>)
	at org.springframework.cglib.proxy.MethodProxy.invokeSuper(MethodProxy.java:244)
	at org.springframework.context.annotation.ConfigurationClassEnhancer$BeanMethodInterceptor.intercept(ConfigurationClassEnhancer.java:331)
	at com.zht.emqdemo.common.config.emq.DeviceMqttConfig$$EnhancerBySpringCGLIB$$69fd740c.mqttConnClient(<generated>)
	at sun.reflect.NativeMethodAccessorImpl.invoke0(Native Method)
	at sun.reflect.NativeMethodAccessorImpl.invoke(NativeMethodAccessorImpl.java:62)
	at sun.reflect.DelegatingMethodAccessorImpl.invoke(DelegatingMethodAccessorImpl.java:43)
	at java.lang.reflect.Method.invoke(Method.java:498)
	at org.springframework.beans.factory.support.SimpleInstantiationStrategy.instantiate(SimpleInstantiationStrategy.java:154)
	... 68 common frames omitted
